Added Component: Designator=C1(C 0603)
Add component. Clean all parameters for all variants
Add component (AddParameter): Name = "BOM名称"; Value = "无极性贴片电容"; VariantName = "[No Variations]"
Add component (AddParameter): Name = "学习资源"; Value = "www.ooocke.com"; VariantName = "[No Variations]"
Add component (AddParameter): Name = "版权归属"; Value = "源创客"; VariantName = "[No Variations]"
Added Component: Designator=C2(C 0603)
Add component. Clean all parameters for all variants
Add component (AddParameter): Name = "BOM名称"; Value = "无极性贴片电容"; VariantName = "[No Variations]"
Add component (AddParameter): Name = "学习资源"; Value = "www.ooocke.com"; VariantName = "[No Variations]"
Add component (AddParameter): Name = "版权归属"; Value = "源创客"; VariantName = "[No Variations]"
Added Component: Designator=C3(C 0603)
Add component. Clean all parameters for all variants
Add component (AddParameter): Name = "BOM名称"; Value = "无极性贴片电容"; VariantName = "[No Variations]"
Add component (AddParameter): Name = "学习资源"; Value = "www.ooocke.com"; VariantName = "[No Variations]"
Add component (AddParameter): Name = "版权归属"; Value = "源创客"; VariantName = "[No Variations]"
Added Component: Designator=C4(C 0603)
Add component. Clean all parameters for all variants
Add component (AddParameter): Name = "BOM名称"; Value = "无极性贴片电容"; VariantName = "[No Variations]"
Add component (AddParameter): Name = "学习资源"; Value = "www.ooocke.com"; VariantName = "[No Variations]"
Add component (AddParameter): Name = "版权归属"; Value = "源创客"; VariantName = "[No Variations]"
Added Component: Designator=C5(C 0603)
Add component. Clean all parameters for all variants
Add component (AddParameter): Name = "BOM名称"; Value = "无极性贴片电容"; VariantName = "[No Variations]"
Add component (AddParameter): Name = "学习资源"; Value = "www.ooocke.com"; VariantName = "[No Variations]"
Add component (AddParameter): Name = "版权归属"; Value = "源创客"; VariantName = "[No Variations]"
Added Component: Designator=C6(C 0603)
Add component. Clean all parameters for all variants
Add component (AddParameter): Name = "BOM名称"; Value = "无极性贴片电容"; VariantName = "[No Variations]"
Add component (AddParameter): Name = "学习资源"; Value = "www.ooocke.com"; VariantName = "[No Variations]"
Add component (AddParameter): Name = "版权归属"; Value = "源创客"; VariantName = "[No Variations]"
Added Component: Designator=C7(C 0603)
Add component. Clean all parameters for all variants
Add component (AddParameter): Name = "BOM名称"; Value = "无极性贴片电容"; VariantName = "[No Variations]"
Add component (AddParameter): Name = "学习资源"; Value = "www.ooocke.com"; VariantName = "[No Variations]"
Add component (AddParameter): Name = "版权归属"; Value = "源创客"; VariantName = "[No Variations]"
Added Component: Designator=C9(C 0603)
Add component. Clean all parameters for all variants
Add component (AddParameter): Name = "BOM名称"; Value = "无极性贴片电容"; VariantName = "[No Variations]"
Add component (AddParameter): Name = "学习资源"; Value = "www.ooocke.com"; VariantName = "[No Variations]"
Add component (AddParameter): Name = "版权归属"; Value = "源创客"; VariantName = "[No Variations]"
Added Component: Designator=C10(C 0603)
Add component. Clean all parameters for all variants
Add component (AddParameter): Name = "BOM名称"; Value = "无极性贴片电容"; VariantName = "[No Variations]"
Add component (AddParameter): Name = "学习资源"; Value = "www.ooocke.com"; VariantName = "[No Variations]"
Add component (AddParameter): Name = "版权归属"; Value = "源创客"; VariantName = "[No Variations]"
Added Component: Designator=C11(C 0603)
Add component. Clean all parameters for all variants
Add component (AddParameter): Name = "BOM名称"; Value = "无极性贴片电容"; VariantName = "[No Variations]"
Add component (AddParameter): Name = "学习资源"; Value = "www.ooocke.com"; VariantName = "[No Variations]"
Add component (AddParameter): Name = "版权归属"; Value = "源创客"; VariantName = "[No Variations]"
Added Component: Designator=C12(C 0603)
Add component. Clean all parameters for all variants
Add component (AddParameter): Name = "BOM名称"; Value = "无极性贴片电容"; VariantName = "[No Variations]"
Add component (AddParameter): Name = "学习资源"; Value = "www.ooocke.com"; VariantName = "[No Variations]"
Add component (AddParameter): Name = "版权归属"; Value = "源创客"; VariantName = "[No Variations]"
Added Component: Designator=C18(C 0603)
Add component. Clean all parameters for all variants
Add component (AddParameter): Name = "BOM名称"; Value = "无极性贴片电容"; VariantName = "[No Variations]"
Add component (AddParameter): Name = "学习资源"; Value = "www.ooocke.com"; VariantName = "[No Variations]"
Add component (AddParameter): Name = "版权归属"; Value = "源创客"; VariantName = "[No Variations]"
Added Component: Designator=C26(C 0805)
Add component. Clean all parameters for all variants
Add component (AddParameter): Name = "BOM名称"; Value = "无极性贴片电容"; VariantName = "[No Variations]"
Add component (AddParameter): Name = "学习资源"; Value = "www.ooocke.com"; VariantName = "[No Variations]"
Add component (AddParameter): Name = "版权归属"; Value = "源创客"; VariantName = "[No Variations]"
Added Component: Designator=C27(CAP 1.5*4*8)
Add component. Clean all parameters for all variants
Add component (AddParameter): Name = "BOM名称"; Value = "直插电解电容"; VariantName = "[No Variations]"
Add component (AddParameter): Name = "学习资源"; Value = "www.ooocke.com"; VariantName = "[No Variations]"
Add component (AddParameter): Name = "版权归属"; Value = "源创客"; VariantName = "[No Variations]"
Added Component: Designator=C28(C 0603)
Add component. Clean all parameters for all variants
Add component (AddParameter): Name = "BOM名称"; Value = "无极性贴片电容"; VariantName = "[No Variations]"
Add component (AddParameter): Name = "学习资源"; Value = "www.ooocke.com"; VariantName = "[No Variations]"
Add component (AddParameter): Name = "版权归属"; Value = "源创客"; VariantName = "[No Variations]"
Added Component: Designator=C29(CAP 1.5*4*8)
Add component. Clean all parameters for all variants
Add component (AddParameter): Name = "BOM名称"; Value = "直插电解电容"; VariantName = "[No Variations]"
Add component (AddParameter): Name = "学习资源"; Value = "www.ooocke.com"; VariantName = "[No Variations]"
Add component (AddParameter): Name = "版权归属"; Value = "源创客"; VariantName = "[No Variations]"
Added Component: Designator=C45(C 0603)
Add component. Clean all parameters for all variants
Add component (AddParameter): Name = "BOM名称"; Value = "无极性贴片电容"; VariantName = "[No Variations]"
Add component (AddParameter): Name = "学习资源"; Value = "www.ooocke.com"; VariantName = "[No Variations]"
Add component (AddParameter): Name = "版权归属"; Value = "源创客"; VariantName = "[No Variations]"
Added Component: Designator=D0(LED 0805G)
Add component. Clean all parameters for all variants
Add component (AddParameter): Name = "BOM名称"; Value = "贴片LED"; VariantName = "[No Variations]"
Add component (AddParameter): Name = "学习资源"; Value = "www.ooocke.com"; VariantName = "[No Variations]"
Add component (AddParameter): Name = "版权归属"; Value = "源创客"; VariantName = "[No Variations]"
Added Component: Designator=D1(LED 0805G)
Add component. Clean all parameters for all variants
Add component (AddParameter): Name = "BOM名称"; Value = "贴片LED"; VariantName = "[No Variations]"
Add component (AddParameter): Name = "学习资源"; Value = "www.ooocke.com"; VariantName = "[No Variations]"
Add component (AddParameter): Name = "版权归属"; Value = "源创客"; VariantName = "[No Variations]"
Added Component: Designator=D2(LED 0805G)
Add component. Clean all parameters for all variants
Add component (AddParameter): Name = "BOM名称"; Value = "贴片LED"; VariantName = "[No Variations]"
Add component (AddParameter): Name = "学习资源"; Value = "www.ooocke.com"; VariantName = "[No Variations]"
Add component (AddParameter): Name = "版权归属"; Value = "源创客"; VariantName = "[No Variations]"
Added Component: Designator=D?(LED 0805G)
Add component. Clean all parameters for all variants
Add component (AddParameter): Name = "BOM名称"; Value = "贴片LED"; VariantName = "[No Variations]"
Add component (AddParameter): Name = "学习资源"; Value = "www.ooocke.com"; VariantName = "[No Variations]"
Add component (AddParameter): Name = "版权归属"; Value = "源创客"; VariantName = "[No Variations]"
Added Component: Designator=F1(R 0805)
Add component. Clean all parameters for all variants
Add component (AddParameter): Name = "BOM名称"; Value = "贴片电阻"; VariantName = "[No Variations]"
Add component (AddParameter): Name = "学习资源"; Value = "www.ooocke.com"; VariantName = "[No Variations]"
Add component (AddParameter): Name = "版权归属"; Value = "源创客"; VariantName = "[No Variations]"
Added Component: Designator=IC?(SOP8W_N)
Add component. Clean all parameters for all variants
Add component (AddParameter): Name = "BOM名称"; Value = "外置Flash"; VariantName = "[No Variations]"
Add component (AddParameter): Name = "学习资源"; Value = "www.ooocke.com"; VariantName = "[No Variations]"
Add component (AddParameter): Name = "版权归属"; Value = "源创客"; VariantName = "[No Variations]"
Added Component: Designator=J1(USB-MICRO_A)
Add component. Clean all parameters for all variants
Add component (AddParameter): Name = "BOM名称"; Value = "微型USB母座"; VariantName = "[No Variations]"
Add component (AddParameter): Name = "学习资源"; Value = "www.ooocke.com"; VariantName = "[No Variations]"
Add component (AddParameter): Name = "版权归属"; Value = "源创客"; VariantName = "[No Variations]"
Added Component: Designator=J2(HDR-10X2)
Add component. Clean all parameters for all variants
Add component (AddParameter): Name = "BOM名称"; Value = "10*2P接插件"; VariantName = "[No Variations]"
Add component (AddParameter): Name = "学习资源"; Value = "www.ooocke.com"; VariantName = "[No Variations]"
Add component (AddParameter): Name = "版权归属"; Value = "源创客"; VariantName = "[No Variations]"
Added Component: Designator=J3(HDR-1X4)
Add component. Clean all parameters for all variants
Add component (AddParameter): Name = "LatestRevisionDate"; Value = "17-Jul-2002"; VariantName = "[No Variations]"
Add component (AddParameter): Name = "LatestRevisionNote"; Value = "Re-released for DXP Platform."; VariantName = "[No Variations]"
Add component (AddParameter): Name = "Publisher"; Value = "Altium Limited"; VariantName = "[No Variations]"
Added Component: Designator=J4(HDR-4X2)
Add component. Clean all parameters for all variants
Add component (AddParameter): Name = "BOM名称"; Value = "4*2P接插件"; VariantName = "[No Variations]"
Add component (AddParameter): Name = "学习资源"; Value = "www.ooocke.com"; VariantName = "[No Variations]"
Add component (AddParameter): Name = "版权归属"; Value = "源创客"; VariantName = "[No Variations]"
Added Component: Designator=J5(HDR-1X8_M)
Add component. Clean all parameters for all variants
Added Component: Designator=J6(HDR-15X2)
Add component. Clean all parameters for all variants
Add component (AddParameter): Name = "LatestRevisionDate"; Value = "17-Jul-2002"; VariantName = "[No Variations]"
Add component (AddParameter): Name = "LatestRevisionNote"; Value = "Re-released for DXP Platform."; VariantName = "[No Variations]"
Add component (AddParameter): Name = "Publisher"; Value = "Altium Limited"; VariantName = "[No Variations]"
Added Component: Designator=J7(HDR-15X2)
Add component. Clean all parameters for all variants
Add component (AddParameter): Name = "LatestRevisionDate"; Value = "17-Jul-2002"; VariantName = "[No Variations]"
Add component (AddParameter): Name = "LatestRevisionNote"; Value = "Re-released for DXP Platform."; VariantName = "[No Variations]"
Add component (AddParameter): Name = "Publisher"; Value = "Altium Limited"; VariantName = "[No Variations]"
Added Component: Designator=KEY0(TSW SMD-3*6*2.5)
Add component. Clean all parameters for all variants
Add component (AddParameter): Name = "BOM名称"; Value = "3x6轻触开关"; VariantName = "[No Variations]"
Add component (AddParameter): Name = "学习资源"; Value = "www.ooocke.com"; VariantName = "[No Variations]"
Add component (AddParameter): Name = "版权归属"; Value = "源创客"; VariantName = "[No Variations]"
Added Component: Designator=KEY1(TSW SMD-3*6*2.5)
Add component. Clean all parameters for all variants
Add component (AddParameter): Name = "BOM名称"; Value = "3x6轻触开关"; VariantName = "[No Variations]"
Add component (AddParameter): Name = "学习资源"; Value = "www.ooocke.com"; VariantName = "[No Variations]"
Add component (AddParameter): Name = "版权归属"; Value = "源创客"; VariantName = "[No Variations]"
Added Component: Designator=R1(R 0603)
Add component. Clean all parameters for all variants
Add component (AddParameter): Name = "BOM名称"; Value = "贴片电阻"; VariantName = "[No Variations]"
Add component (AddParameter): Name = "学习资源"; Value = "www.ooocke.com"; VariantName = "[No Variations]"
Add component (AddParameter): Name = "版权归属"; Value = "源创客"; VariantName = "[No Variations]"
Added Component: Designator=R2(R 0603)
Add component. Clean all parameters for all variants
Add component (AddParameter): Name = "BOM名称"; Value = "贴片电阻"; VariantName = "[No Variations]"
Add component (AddParameter): Name = "学习资源"; Value = "www.ooocke.com"; VariantName = "[No Variations]"
Add component (AddParameter): Name = "版权归属"; Value = "源创客"; VariantName = "[No Variations]"
Added Component: Designator=R3(R 0603)
Add component. Clean all parameters for all variants
Add component (AddParameter): Name = "BOM名称"; Value = "贴片电阻"; VariantName = "[No Variations]"
Add component (AddParameter): Name = "学习资源"; Value = "www.ooocke.com"; VariantName = "[No Variations]"
Add component (AddParameter): Name = "版权归属"; Value = "源创客"; VariantName = "[No Variations]"
Added Component: Designator=R4(R 0603)
Add component. Clean all parameters for all variants
Add component (AddParameter): Name = "BOM名称"; Value = "贴片电阻"; VariantName = "[No Variations]"
Add component (AddParameter): Name = "学习资源"; Value = "www.ooocke.com"; VariantName = "[No Variations]"
Add component (AddParameter): Name = "版权归属"; Value = "源创客"; VariantName = "[No Variations]"
Added Component: Designator=R5(R 0603)
Add component. Clean all parameters for all variants
Add component (AddParameter): Name = "BOM名称"; Value = "贴片电阻"; VariantName = "[No Variations]"
Add component (AddParameter): Name = "学习资源"; Value = "www.ooocke.com"; VariantName = "[No Variations]"
Add component (AddParameter): Name = "版权归属"; Value = "源创客"; VariantName = "[No Variations]"
Added Component: Designator=R6(R 0603)
Add component. Clean all parameters for all variants
Add component (AddParameter): Name = "BOM名称"; Value = "贴片电阻"; VariantName = "[No Variations]"
Add component (AddParameter): Name = "学习资源"; Value = "www.ooocke.com"; VariantName = "[No Variations]"
Add component (AddParameter): Name = "版权归属"; Value = "源创客"; VariantName = "[No Variations]"
Added Component: Designator=R7(R 0603)
Add component. Clean all parameters for all variants
Add component (AddParameter): Name = "BOM名称"; Value = "贴片电阻"; VariantName = "[No Variations]"
Add component (AddParameter): Name = "学习资源"; Value = "www.ooocke.com"; VariantName = "[No Variations]"
Add component (AddParameter): Name = "版权归属"; Value = "源创客"; VariantName = "[No Variations]"
Added Component: Designator=R8(R 0603)
Add component. Clean all parameters for all variants
Add component (AddParameter): Name = "BOM名称"; Value = "贴片电阻"; VariantName = "[No Variations]"
Add component (AddParameter): Name = "学习资源"; Value = "www.ooocke.com"; VariantName = "[No Variations]"
Add component (AddParameter): Name = "版权归属"; Value = "源创客"; VariantName = "[No Variations]"
Added Component: Designator=R9(R 0603)
Add component. Clean all parameters for all variants
Add component (AddParameter): Name = "BOM名称"; Value = "贴片电阻"; VariantName = "[No Variations]"
Add component (AddParameter): Name = "学习资源"; Value = "www.ooocke.com"; VariantName = "[No Variations]"
Add component (AddParameter): Name = "版权归属"; Value = "源创客"; VariantName = "[No Variations]"
Added Component: Designator=R10(R 0603)
Add component. Clean all parameters for all variants
Add component (AddParameter): Name = "BOM名称"; Value = "贴片电阻"; VariantName = "[No Variations]"
Add component (AddParameter): Name = "学习资源"; Value = "www.ooocke.com"; VariantName = "[No Variations]"
Add component (AddParameter): Name = "版权归属"; Value = "源创客"; VariantName = "[No Variations]"
Added Component: Designator=R11(R 0603)
Add component. Clean all parameters for all variants
Add component (AddParameter): Name = "BOM名称"; Value = "贴片电阻"; VariantName = "[No Variations]"
Add component (AddParameter): Name = "学习资源"; Value = "www.ooocke.com"; VariantName = "[No Variations]"
Add component (AddParameter): Name = "版权归属"; Value = "源创客"; VariantName = "[No Variations]"
Added Component: Designator=R12(R 0603)
Add component. Clean all parameters for all variants
Add component (AddParameter): Name = "BOM名称"; Value = "贴片电阻"; VariantName = "[No Variations]"
Add component (AddParameter): Name = "学习资源"; Value = "www.ooocke.com"; VariantName = "[No Variations]"
Add component (AddParameter): Name = "版权归属"; Value = "源创客"; VariantName = "[No Variations]"
Added Component: Designator=R18(R 0603)
Add component. Clean all parameters for all variants
Add component (AddParameter): Name = "BOM名称"; Value = "贴片电阻"; VariantName = "[No Variations]"
Add component (AddParameter): Name = "学习资源"; Value = "www.ooocke.com"; VariantName = "[No Variations]"
Add component (AddParameter): Name = "版权归属"; Value = "源创客"; VariantName = "[No Variations]"
Added Component: Designator=R19(R 0603)
Add component. Clean all parameters for all variants
Add component (AddParameter): Name = "BOM名称"; Value = "贴片电阻"; VariantName = "[No Variations]"
Add component (AddParameter): Name = "学习资源"; Value = "www.ooocke.com"; VariantName = "[No Variations]"
Add component (AddParameter): Name = "版权归属"; Value = "源创客"; VariantName = "[No Variations]"
Added Component: Designator=R20(R 0603)
Add component. Clean all parameters for all variants
Add component (AddParameter): Name = "BOM名称"; Value = "贴片电阻"; VariantName = "[No Variations]"
Add component (AddParameter): Name = "学习资源"; Value = "www.ooocke.com"; VariantName = "[No Variations]"
Add component (AddParameter): Name = "版权归属"; Value = "源创客"; VariantName = "[No Variations]"
Added Component: Designator=R21(R 0603)
Add component. Clean all parameters for all variants
Add component (AddParameter): Name = "BOM名称"; Value = "贴片电阻"; VariantName = "[No Variations]"
Add component (AddParameter): Name = "学习资源"; Value = "www.ooocke.com"; VariantName = "[No Variations]"
Add component (AddParameter): Name = "版权归属"; Value = "源创客"; VariantName = "[No Variations]"
Added Component: Designator=R22(R 0603)
Add component. Clean all parameters for all variants
Add component (AddParameter): Name = "BOM名称"; Value = "贴片电阻"; VariantName = "[No Variations]"
Add component (AddParameter): Name = "学习资源"; Value = "www.ooocke.com"; VariantName = "[No Variations]"
Add component (AddParameter): Name = "版权归属"; Value = "源创客"; VariantName = "[No Variations]"
Added Component: Designator=R23(R 0603)
Add component. Clean all parameters for all variants
Add component (AddParameter): Name = "BOM名称"; Value = "贴片电阻"; VariantName = "[No Variations]"
Add component (AddParameter): Name = "学习资源"; Value = "www.ooocke.com"; VariantName = "[No Variations]"
Add component (AddParameter): Name = "版权归属"; Value = "源创客"; VariantName = "[No Variations]"
Added Component: Designator=REST(TSW SMD-3*6*2.5)
Add component. Clean all parameters for all variants
Add component (AddParameter): Name = "BOM名称"; Value = "3x6轻触开关"; VariantName = "[No Variations]"
Add component (AddParameter): Name = "学习资源"; Value = "www.ooocke.com"; VariantName = "[No Variations]"
Add component (AddParameter): Name = "版权归属"; Value = "源创客"; VariantName = "[No Variations]"
Added Component: Designator=U1(SOT223_L)
Add component. Clean all parameters for all variants
Added Component: Designator=U2(LQFP64 7x7_L)
Add component. Clean all parameters for all variants
Added Component: Designator=WK_UP(TSW SMD-3*6*2.5)
Add component. Clean all parameters for all variants
Add component (AddParameter): Name = "BOM名称"; Value = "3x6轻触开关"; VariantName = "[No Variations]"
Add component (AddParameter): Name = "学习资源"; Value = "www.ooocke.com"; VariantName = "[No Variations]"
Add component (AddParameter): Name = "版权归属"; Value = "源创客"; VariantName = "[No Variations]"
Added Component: Designator=Y1(XTAL-3X10)
Add component. Clean all parameters for all variants
Add component (AddParameter): Name = "BOM名称"; Value = "2脚晶振"; VariantName = "[No Variations]"
Add component (AddParameter): Name = "学习资源"; Value = "www.ooocke.com"; VariantName = "[No Variations]"
Add component (AddParameter): Name = "版权归属"; Value = "源创客"; VariantName = "[No Variations]"
Added Component: Designator=Y2(XTAL-3X10)
Add component. Clean all parameters for all variants
Add component (AddParameter): Name = "BOM名称"; Value = "2脚晶振"; VariantName = "[No Variations]"
Add component (AddParameter): Name = "学习资源"; Value = "www.ooocke.com"; VariantName = "[No Variations]"
Add component (AddParameter): Name = "版权归属"; Value = "源创客"; VariantName = "[No Variations]"
Added Pin To Net: NetName=A0 Pin=J5-7
Added Pin To Net: NetName=A0 Pin=J7-5
Added Pin To Net: NetName=A0 Pin=U2-37
Added Net: Name=A0
Added Pin To Net: NetName=BOOT0 Pin=R1-2
Added Pin To Net: NetName=BOOT0 Pin=R11-1
Added Pin To Net: NetName=BOOT0 Pin=U2-60
Added Net: Name=BOOT0
Added Pin To Net: NetName=BOOT1 Pin=R2-1
Added Pin To Net: NetName=BOOT1 Pin=R12-1
Added Pin To Net: NetName=BOOT1 Pin=U2-28
Added Net: Name=BOOT1
Added Pin To Net: NetName=CS Pin=J5-5
Added Pin To Net: NetName=CS Pin=J7-1
Added Pin To Net: NetName=CS Pin=U2-33
Added Net: Name=CS
Added Pin To Net: NetName=F_CS Pin=IC?-1
Added Pin To Net: NetName=F_CS Pin=J6-13
Added Pin To Net: NetName=F_CS Pin=R10-2
Added Pin To Net: NetName=F_CS Pin=U2-16
Added Net: Name=F_CS
Added Pin To Net: NetName=GND Pin=C1-1
Added Pin To Net: NetName=GND Pin=C2-2
Added Pin To Net: NetName=GND Pin=C3-1
Added Pin To Net: NetName=GND Pin=C4-1
Added Pin To Net: NetName=GND Pin=C5-1
Added Pin To Net: NetName=GND Pin=C6-1
Added Pin To Net: NetName=GND Pin=C7-1
Added Pin To Net: NetName=GND Pin=C9-2
Added Pin To Net: NetName=GND Pin=C10-2
Added Pin To Net: NetName=GND Pin=C11-2
Added Pin To Net: NetName=GND Pin=C12-2
Added Pin To Net: NetName=GND Pin=C18-1
Added Pin To Net: NetName=GND Pin=C26-2
Added Pin To Net: NetName=GND Pin=C27-2
Added Pin To Net: NetName=GND Pin=C28-1
Added Pin To Net: NetName=GND Pin=C29-2
Added Pin To Net: NetName=GND Pin=C45-2
Added Pin To Net: NetName=GND Pin=D2-1
Added Pin To Net: NetName=GND Pin=IC?-4
Added Pin To Net: NetName=GND Pin=J1-5
Added Pin To Net: NetName=GND Pin=J1-5
Added Pin To Net: NetName=GND Pin=J1-5
Added Pin To Net: NetName=GND Pin=J1-5
Added Pin To Net: NetName=GND Pin=J1-5
Added Pin To Net: NetName=GND Pin=J2-4
Added Pin To Net: NetName=GND Pin=J2-6
Added Pin To Net: NetName=GND Pin=J2-8
Added Pin To Net: NetName=GND Pin=J2-10
Added Pin To Net: NetName=GND Pin=J2-12
Added Pin To Net: NetName=GND Pin=J2-14
Added Pin To Net: NetName=GND Pin=J2-16
Added Pin To Net: NetName=GND Pin=J2-18
Added Pin To Net: NetName=GND Pin=J2-20
Added Pin To Net: NetName=GND Pin=J3-2
Added Pin To Net: NetName=GND Pin=J4-1
Added Pin To Net: NetName=GND Pin=J5-2
Added Pin To Net: NetName=GND Pin=J6-3
Added Pin To Net: NetName=GND Pin=J6-5
Added Pin To Net: NetName=GND Pin=J6-29
Added Pin To Net: NetName=GND Pin=J6-30
Added Pin To Net: NetName=GND Pin=J7-26
Added Pin To Net: NetName=GND Pin=J7-28
Added Pin To Net: NetName=GND Pin=KEY0-1
Added Pin To Net: NetName=GND Pin=KEY1-1
Added Pin To Net: NetName=GND Pin=R9-1
Added Pin To Net: NetName=GND Pin=R11-2
Added Pin To Net: NetName=GND Pin=R12-2
Added Pin To Net: NetName=GND Pin=REST-2
Added Pin To Net: NetName=GND Pin=U1-1
Added Pin To Net: NetName=GND Pin=U2-12
Added Pin To Net: NetName=GND Pin=U2-18
Added Pin To Net: NetName=GND Pin=U2-31
Added Pin To Net: NetName=GND Pin=U2-47
Added Pin To Net: NetName=GND Pin=U2-63
Added Net: Name=GND
Added Pin To Net: NetName=JTCK/SWCLK Pin=J2-9
Added Pin To Net: NetName=JTCK/SWCLK Pin=J7-13
Added Pin To Net: NetName=JTCK/SWCLK Pin=R9-2
Added Pin To Net: NetName=JTCK/SWCLK Pin=U2-49
Added Net: Name=JTCK/SWCLK
Added Pin To Net: NetName=JTDI/PA15 Pin=J2-5
Added Pin To Net: NetName=JTDI/PA15 Pin=J7-14
Added Pin To Net: NetName=JTDI/PA15 Pin=R7-1
Added Pin To Net: NetName=JTDI/PA15 Pin=U2-50
Added Net: Name=JTDI/PA15
Added Pin To Net: NetName=JTDO/PB3 Pin=J2-13
Added Pin To Net: NetName=JTDO/PB3 Pin=J7-19
Added Pin To Net: NetName=JTDO/PB3 Pin=R5-1
Added Pin To Net: NetName=JTDO/PB3 Pin=U2-55
Added Net: Name=JTDO/PB3
Added Pin To Net: NetName=JTMS/SWDIO Pin=J2-7
Added Pin To Net: NetName=JTMS/SWDIO Pin=J7-12
Added Pin To Net: NetName=JTMS/SWDIO Pin=R6-1
Added Pin To Net: NetName=JTMS/SWDIO Pin=U2-46
Added Net: Name=JTMS/SWDIO
Added Pin To Net: NetName=JTRST/PB4 Pin=J2-3
Added Pin To Net: NetName=JTRST/PB4 Pin=J7-20
Added Pin To Net: NetName=JTRST/PB4 Pin=R8-1
Added Pin To Net: NetName=JTRST/PB4 Pin=U2-56
Added Net: Name=JTRST/PB4
Added Pin To Net: NetName=KEY0 Pin=J6-8
Added Pin To Net: NetName=KEY0 Pin=KEY0-2
Added Pin To Net: NetName=KEY0 Pin=U2-9
Added Net: Name=KEY0
Added Pin To Net: NetName=KEY1 Pin=J6-6
Added Pin To Net: NetName=KEY1 Pin=KEY1-2
Added Pin To Net: NetName=KEY1 Pin=U2-2
Added Net: Name=KEY1
Added Pin To Net: NetName=LED0 Pin=D0-1
Added Pin To Net: NetName=LED0 Pin=J7-9
Added Pin To Net: NetName=LED0 Pin=U2-41
Added Net: Name=LED0
Added Pin To Net: NetName=LED1 Pin=D1-1
Added Pin To Net: NetName=LED1 Pin=J7-18
Added Pin To Net: NetName=LED1 Pin=U2-54
Added Net: Name=LED1
Added Pin To Net: NetName=NetD0_2 Pin=D0-2
Added Pin To Net: NetName=NetD0_2 Pin=R18-2
Added Net: Name=NetD0_2
Added Pin To Net: NetName=NetD1_2 Pin=D1-2
Added Pin To Net: NetName=NetD1_2 Pin=R19-2
Added Net: Name=NetD1_2
Added Pin To Net: NetName=NetD2_2 Pin=D2-2
Added Pin To Net: NetName=NetD2_2 Pin=R20-2
Added Net: Name=NetD2_2
Added Pin To Net: NetName=NetF1_2 Pin=F1-2
Added Pin To Net: NetName=NetF1_2 Pin=J1-1
Added Net: Name=NetF1_2
Added Pin To Net: NetName=NetJ1_2 Pin=J1-2
Added Pin To Net: NetName=NetJ1_2 Pin=R21-1
Added Net: Name=NetJ1_2
Added Pin To Net: NetName=NetJ1_3 Pin=J1-3
Added Pin To Net: NetName=NetJ1_3 Pin=R22-1
Added Pin To Net: NetName=NetJ1_3 Pin=R23-1
Added Net: Name=NetJ1_3
Added Pin To Net: NetName=NetJ6_27 Pin=J6-27
Added Pin To Net: NetName=NetJ6_27 Pin=R1-1
Added Net: Name=NetJ6_27
Added Pin To Net: NetName=NetJ6_28 Pin=J6-28
Added Pin To Net: NetName=NetJ6_28 Pin=R2-2
Added Net: Name=NetJ6_28
Added Pin To Net: NetName=NRF_CE Pin=J4-3
Added Pin To Net: NetName=NRF_CE Pin=J6-15
Added Pin To Net: NetName=NRF_CE Pin=U2-20
Added Net: Name=NRF_CE
Added Pin To Net: NetName=NRF_CS Pin=J4-4
Added Pin To Net: NetName=NRF_CS Pin=J6-19
Added Pin To Net: NetName=NRF_CS Pin=U2-24
Added Net: Name=NRF_CS
Added Pin To Net: NetName=NRF_IRQ Pin=J4-8
Added Pin To Net: NetName=NRF_IRQ Pin=J6-20
Added Pin To Net: NetName=NRF_IRQ Pin=U2-25
Added Net: Name=NRF_IRQ
Added Pin To Net: NetName=OSC_IN1 Pin=C3-2
Added Pin To Net: NetName=OSC_IN1 Pin=J6-4
Added Pin To Net: NetName=OSC_IN1 Pin=U2-3
Added Pin To Net: NetName=OSC_IN1 Pin=Y1-2
Added Net: Name=OSC_IN1
Added Pin To Net: NetName=OSC_IN2 Pin=C5-2
Added Pin To Net: NetName=OSC_IN2 Pin=R4-2
Added Pin To Net: NetName=OSC_IN2 Pin=U2-5
Added Pin To Net: NetName=OSC_IN2 Pin=Y2-1
Added Net: Name=OSC_IN2
Added Pin To Net: NetName=OSC_OUT1 Pin=C4-2
Added Pin To Net: NetName=OSC_OUT1 Pin=J6-2
Added Pin To Net: NetName=OSC_OUT1 Pin=U2-4
Added Pin To Net: NetName=OSC_OUT1 Pin=Y1-1
Added Net: Name=OSC_OUT1
Added Pin To Net: NetName=OSC_OUT2 Pin=C6-2
Added Pin To Net: NetName=OSC_OUT2 Pin=R4-1
Added Pin To Net: NetName=OSC_OUT2 Pin=U2-6
Added Pin To Net: NetName=OSC_OUT2 Pin=Y2-2
Added Net: Name=OSC_OUT2
Added Pin To Net: NetName=PA0 Pin=J6-11
Added Pin To Net: NetName=PA0 Pin=U2-14
Added Pin To Net: NetName=PA0 Pin=WK_UP-2
Added Net: Name=PA0
Added Pin To Net: NetName=PA1 Pin=J6-12
Added Pin To Net: NetName=PA1 Pin=U2-15
Added Net: Name=PA1
Added Pin To Net: NetName=PA3 Pin=J6-14
Added Pin To Net: NetName=PA3 Pin=U2-17
Added Net: Name=PA3
Added Pin To Net: NetName=PA5 Pin=IC?-6
Added Pin To Net: NetName=PA5 Pin=J4-5
Added Pin To Net: NetName=PA5 Pin=J6-16
Added Pin To Net: NetName=PA5 Pin=U2-21
Added Net: Name=PA5
Added Pin To Net: NetName=PA6 Pin=IC?-2
Added Pin To Net: NetName=PA6 Pin=J4-7
Added Pin To Net: NetName=PA6 Pin=J6-17
Added Pin To Net: NetName=PA6 Pin=U2-22
Added Net: Name=PA6
Added Pin To Net: NetName=PA7 Pin=IC?-5
Added Pin To Net: NetName=PA7 Pin=J4-6
Added Pin To Net: NetName=PA7 Pin=J6-18
Added Pin To Net: NetName=PA7 Pin=U2-23
Added Net: Name=PA7
Added Pin To Net: NetName=PA9 Pin=J3-4
Added Pin To Net: NetName=PA9 Pin=J7-10
Added Pin To Net: NetName=PA9 Pin=U2-42
Added Net: Name=PA9
Added Pin To Net: NetName=PA10 Pin=J3-3
Added Pin To Net: NetName=PA10 Pin=J7-11
Added Pin To Net: NetName=PA10 Pin=U2-43
Added Net: Name=PA10
Added Pin To Net: NetName=PA11 Pin=J7-27
Added Pin To Net: NetName=PA11 Pin=R21-2
Added Pin To Net: NetName=PA11 Pin=U2-44
Added Net: Name=PA11
Added Pin To Net: NetName=PA12 Pin=J7-29
Added Pin To Net: NetName=PA12 Pin=R22-2
Added Pin To Net: NetName=PA12 Pin=U2-45
Added Net: Name=PA12
Added Pin To Net: NetName=PB0 Pin=J6-21
Added Pin To Net: NetName=PB0 Pin=U2-26
Added Net: Name=PB0
Added Pin To Net: NetName=PB1 Pin=J6-22
Added Pin To Net: NetName=PB1 Pin=U2-27
Added Net: Name=PB1
Added Pin To Net: NetName=PB5 Pin=J7-21
Added Pin To Net: NetName=PB5 Pin=U2-57
Added Net: Name=PB5
Added Pin To Net: NetName=PB6 Pin=J7-22
Added Pin To Net: NetName=PB6 Pin=U2-58
Added Net: Name=PB6
Added Pin To Net: NetName=PB7 Pin=J7-23
Added Pin To Net: NetName=PB7 Pin=U2-59
Added Net: Name=PB7
Added Pin To Net: NetName=PB8 Pin=J7-24
Added Pin To Net: NetName=PB8 Pin=U2-61
Added Net: Name=PB8
Added Pin To Net: NetName=PB9 Pin=J7-25
Added Pin To Net: NetName=PB9 Pin=U2-62
Added Net: Name=PB9
Added Pin To Net: NetName=PB10 Pin=J6-23
Added Pin To Net: NetName=PB10 Pin=U2-29
Added Net: Name=PB10
Added Pin To Net: NetName=PB11 Pin=J6-24
Added Pin To Net: NetName=PB11 Pin=U2-30
Added Net: Name=PB11
Added Pin To Net: NetName=PB13 Pin=J5-4
Added Pin To Net: NetName=PB13 Pin=J7-2
Added Pin To Net: NetName=PB13 Pin=U2-34
Added Net: Name=PB13
Added Pin To Net: NetName=PB14 Pin=J7-3
Added Pin To Net: NetName=PB14 Pin=U2-35
Added Net: Name=PB14
Added Pin To Net: NetName=PB15 Pin=J5-3
Added Pin To Net: NetName=PB15 Pin=J7-4
Added Pin To Net: NetName=PB15 Pin=U2-36
Added Net: Name=PB15
Added Pin To Net: NetName=PC0 Pin=J6-7
Added Pin To Net: NetName=PC0 Pin=U2-8
Added Net: Name=PC0
Added Pin To Net: NetName=PC2 Pin=J6-9
Added Pin To Net: NetName=PC2 Pin=U2-10
Added Net: Name=PC2
Added Pin To Net: NetName=PC3 Pin=J6-10
Added Pin To Net: NetName=PC3 Pin=U2-11
Added Net: Name=PC3
Added Pin To Net: NetName=PC7 Pin=J7-6
Added Pin To Net: NetName=PC7 Pin=U2-38
Added Net: Name=PC7
Added Pin To Net: NetName=PC8 Pin=J7-7
Added Pin To Net: NetName=PC8 Pin=U2-39
Added Net: Name=PC8
Added Pin To Net: NetName=PC9 Pin=J7-8
Added Pin To Net: NetName=PC9 Pin=U2-40
Added Net: Name=PC9
Added Pin To Net: NetName=PC10 Pin=J7-15
Added Pin To Net: NetName=PC10 Pin=U2-51
Added Net: Name=PC10
Added Pin To Net: NetName=PC11 Pin=J7-16
Added Pin To Net: NetName=PC11 Pin=U2-52
Added Net: Name=PC11
Added Pin To Net: NetName=PC12 Pin=J7-17
Added Pin To Net: NetName=PC12 Pin=U2-53
Added Net: Name=PC12
Added Pin To Net: NetName=RESET Pin=C1-2
Added Pin To Net: NetName=RESET Pin=J2-15
Added Pin To Net: NetName=RESET Pin=J5-6
Added Pin To Net: NetName=RESET Pin=R3-1
Added Pin To Net: NetName=RESET Pin=REST-1
Added Pin To Net: NetName=RESET Pin=U2-7
Added Net: Name=RESET
Added Pin To Net: NetName=VCC3.3 Pin=C2-1
Added Pin To Net: NetName=VCC3.3 Pin=C7-2
Added Pin To Net: NetName=VCC3.3 Pin=C9-1
Added Pin To Net: NetName=VCC3.3 Pin=C10-1
Added Pin To Net: NetName=VCC3.3 Pin=C11-1
Added Pin To Net: NetName=VCC3.3 Pin=C12-1
Added Pin To Net: NetName=VCC3.3 Pin=C18-2
Added Pin To Net: NetName=VCC3.3 Pin=C26-1
Added Pin To Net: NetName=VCC3.3 Pin=C27-1
Added Pin To Net: NetName=VCC3.3 Pin=C45-1
Added Pin To Net: NetName=VCC3.3 Pin=IC?-3
Added Pin To Net: NetName=VCC3.3 Pin=IC?-7
Added Pin To Net: NetName=VCC3.3 Pin=IC?-8
Added Pin To Net: NetName=VCC3.3 Pin=J2-1
Added Pin To Net: NetName=VCC3.3 Pin=J2-2
Added Pin To Net: NetName=VCC3.3 Pin=J4-2
Added Pin To Net: NetName=VCC3.3 Pin=J5-1
Added Pin To Net: NetName=VCC3.3 Pin=J6-1
Added Pin To Net: NetName=VCC3.3 Pin=J6-25
Added Pin To Net: NetName=VCC3.3 Pin=J6-26
Added Pin To Net: NetName=VCC3.3 Pin=R3-2
Added Pin To Net: NetName=VCC3.3 Pin=R5-2
Added Pin To Net: NetName=VCC3.3 Pin=R6-2
Added Pin To Net: NetName=VCC3.3 Pin=R7-2
Added Pin To Net: NetName=VCC3.3 Pin=R8-2
Added Pin To Net: NetName=VCC3.3 Pin=R10-1
Added Pin To Net: NetName=VCC3.3 Pin=R18-1
Added Pin To Net: NetName=VCC3.3 Pin=R19-1
Added Pin To Net: NetName=VCC3.3 Pin=R20-1
Added Pin To Net: NetName=VCC3.3 Pin=R23-2
Added Pin To Net: NetName=VCC3.3 Pin=U1-2
Added Pin To Net: NetName=VCC3.3 Pin=U1-2
Added Pin To Net: NetName=VCC3.3 Pin=U2-1
Added Pin To Net: NetName=VCC3.3 Pin=U2-13
Added Pin To Net: NetName=VCC3.3 Pin=U2-19
Added Pin To Net: NetName=VCC3.3 Pin=U2-32
Added Pin To Net: NetName=VCC3.3 Pin=U2-48
Added Pin To Net: NetName=VCC3.3 Pin=U2-64
Added Pin To Net: NetName=VCC3.3 Pin=WK_UP-1
Added Net: Name=VCC3.3
Added Pin To Net: NetName=VCC5 Pin=C28-2
Added Pin To Net: NetName=VCC5 Pin=C29-1
Added Pin To Net: NetName=VCC5 Pin=F1-1
Added Pin To Net: NetName=VCC5 Pin=J3-1
Added Pin To Net: NetName=VCC5 Pin=J7-30
Added Pin To Net: NetName=VCC5 Pin=U1-3
Added Net: Name=VCC5
Added Class: Name=MINI-STM32
Added Room: Name=MINI-STM32
